2017-12-21 15:53:11: -- 分析开始 User Command
2017-12-21 16:01:02: /icon/User/1116469287472/User.jpg: L:TimeSize<>; R:TimeSize<>; 冲突：文件两侧都进行了改动
2017-12-21 16:01:02: /logs/tekinfo: L:TimeSize<>; R:TimeSize<>; 冲突：文件两侧都进行了改动
2017-12-21 16:01:02: 分析完毕并发现冲突情况。请选择正确的同步方向解决冲突，然后单击同步
2017-12-21 16:01:02: 变更：8， 冲突：2， 复制时间：， 复制状态：， 错误： , All: 5119
2017-12-21 16:01:02: Right to Left: Copy File: 6 
2017-12-21 16:01:02: -- 分析已结束。历时 00:07:54, 速度： 94 文件/秒
2017-12-21 16:01:02: 
2017-12-21 16:01:17: Done.
2017-12-21 16:01:20: Done.
2017-12-21 16:01:21: Done.
2017-12-21 16:01:44: === User Changed Action from 'COPY_FILE_RTOL' to 'NO_COPY' on item /config/database/mariadb.xml
2017-12-21 16:01:44: Done.
2017-12-21 16:01:45: === User Changed Action from 'COPY_FILE_RTOL' to 'NO_COPY' on item /config/database/mariadb.xml
2017-12-21 16:01:45: Done.
2017-12-21 16:01:50: === User Changed Action from 'COPY_FILE_RTOL' to 'NO_COPY' on item /config/database/mariadb.xml
2017-12-21 16:01:50: Done.
2017-12-21 16:01:51: === User Changed Action from 'COPY_FILE_RTOL' to 'NO_COPY' on item /config/database/mariadb.xml
2017-12-21 16:01:51: Done.
2017-12-21 16:01:55: === User Changed Action from 'COPY_FILE_RTOL' to 'NO_COPY' on item /config/database/mariadb.xml
2017-12-21 16:01:55: Done.
2017-12-21 16:02:16: === User Changed Action from 'COPY_FILE_RTOL' to 'NO_COPY' on item /logs/tekinfo201712211528.log
2017-12-21 16:02:17: Done.
2017-12-21 16:02:34: Done.
2017-12-21 16:02:35: Done.
2017-12-21 16:02:38: Done.
2017-12-21 16:02:39: Done.
2017-12-21 16:02:40: Done.
2017-12-21 16:02:42: === User Reverts Action from 'NO_COPY' to 'COPY_FILE_RTOL' on item /config/database/mariadb.xml
2017-12-21 16:02:42: === User Changed Action from 'CONFLICT' to 'COPY_FILE_RTOL' on item /icon/User/1116469287472/User.jpg
2017-12-21 16:02:42: === User Changed Action from 'CONFLICT' to 'COPY_FILE_RTOL' on item /logs/tekinfo
2017-12-21 16:02:42: === User Reverts Action from 'NO_COPY' to 'COPY_FILE_RTOL' on item /logs/tekinfo201712211528.log
2017-12-21 16:02:42: Done.
2017-12-21 16:02:46: === User Changed Action from 'COPY_FILE_RTOL' to 'NO_COPY' on item /config/database/mariadb.xml
2017-12-21 16:02:46: Done.
2017-12-21 16:02:56: Done.
2017-12-21 16:02:57: Done.
2017-12-21 16:03:12: Done.
2017-12-21 16:03:13: Done.
2017-12-21 16:03:14: === User Changed Action from 'COPY_FILE_RTOL' to 'NO_COPY' on item /logs/tekinfo201712211528.log
2017-12-21 16:03:14: Done.
2017-12-21 16:03:24: == 同步开始由 User Command
2017-12-21 16:03:28: 覆盖复制 'F:/javawork/apache-tomcat-9.0.0/apache-tomcat-9.0.0.M15/webapps/ipower-controller/http/ipower/control.js' -> 'sftp://155.94.140.235/usr/tomcat/controller/webapps/ROOT/http/ipower/control.js'
2017-12-21 16:03:29: 覆盖复制 'F:/javawork/apache-tomcat-9.0.0/apache-tomcat-9.0.0.M15/webapps/ipower-controller/http/ipower/group/read.js' -> 'sftp://155.94.140.235/usr/tomcat/controller/webapps/ROOT/http/ipower/group/read.js'
2017-12-21 16:03:31: 覆盖复制 'F:/javawork/apache-tomcat-9.0.0/apache-tomcat-9.0.0.M15/webapps/ipower-controller/http/ipower/script/add.js' -> 'sftp://155.94.140.235/usr/tomcat/controller/webapps/ROOT/http/ipower/script/add.js'
2017-12-21 16:03:33: 覆盖复制 'F:/javawork/apache-tomcat-9.0.0/apache-tomcat-9.0.0.M15/webapps/ipower-controller/http/ipower/site/read.js' -> 'sftp://155.94.140.235/usr/tomcat/controller/webapps/ROOT/http/ipower/site/read.js'
2017-12-21 16:03:33: /icon/User/1116469287472/User.jpg: unresolved conflict results in No Copy
2017-12-21 16:03:33: /logs/tekinfo: unresolved conflict results in No Copy
2017-12-21 16:03:35: == 同步完成. 历时: 00:00:14, 速度: 9.05 KB/s, 完成: 4, 错误: , Conflicts: 2
2017-12-21 16:03:36: 
