2017-12-21 16:10:56: -- 分析开始 User Command
2017-12-21 16:18:08: /icon/User/1116469287472/User.jpg: L:TimeSize<>; R:TimeSize<>; 冲突：文件两侧都进行了改动
2017-12-21 16:18:08: /logs/tekinfo: L:TimeSize<>; R:TimeSize<>; 冲突：文件两侧都进行了改动
2017-12-21 16:18:08: 分析完毕并发现冲突情况。请选择正确的同步方向解决冲突，然后单击同步
2017-12-21 16:18:08: 变更：4， 冲突：2， 复制时间：， 复制状态：， 错误： , All: 5119
2017-12-21 16:18:08: Right to Left: Copy File: 2 
2017-12-21 16:18:08: -- 分析已结束。历时 00:07:15, 速度： 341 文件/秒
2017-12-21 16:18:08: 
2017-12-21 16:18:17: === User Changed Action from 'COPY_FILE_RTOL' to 'NO_COPY' on item /config/database/mariadb.xml
2017-12-21 16:18:17: Done.
2017-12-21 16:18:21: Done.
2017-12-21 16:18:22: === User Changed Action from 'COPY_FILE_RTOL' to 'NO_COPY' on item /logs/tekinfo201712211528.log
2017-12-21 16:18:22: Done.
2017-12-21 16:18:24: Done.
2017-12-21 16:18:26: Done.
2017-12-21 16:18:37: === User Reverts Action from 'NO_COPY' to 'COPY_FILE_RTOL' on item /logs/tekinfo201712211528.log
2017-12-21 16:18:37: Done.
2017-12-21 16:18:37: === User Changed Action from 'CONFLICT' to 'COPY_FILE_RTOL' on item /logs/tekinfo
2017-12-21 16:18:37: Done.
2017-12-21 16:19:02: == 同步开始由 User Command
2017-12-21 16:19:03: /icon/User/1116469287472/User.jpg: unresolved conflict results in No Copy
2017-12-21 16:19:08: 覆盖复制 'F:/javawork/apache-tomcat-9.0.0/apache-tomcat-9.0.0.M15/webapps/ipower-controller/logs/tekinfo' -> 'sftp://155.94.140.234/usr/tomcat/controller/webapps/ROOT/logs/tekinfo' (User Action)
2017-12-21 16:19:11: 新建复制 'F:/javawork/apache-tomcat-9.0.0/apache-tomcat-9.0.0.M15/webapps/ipower-controller/logs/tekinfo201712211528.log' -> 'sftp://155.94.140.234/usr/tomcat/controller/webapps/ROOT/logs/tekinfo201712211528.log'
2017-12-21 16:19:13: == 同步完成. 历时: 00:00:13, 速度: 126 KB/s, 完成: 2, 错误: , Conflicts: 1
2017-12-21 16:19:14: 
